<?xml version="1.0" encoding="UTF-8"?>
<robot generator="Robot 5.0 (Python 3.10.2 on win32)" generated="20220425 21:16:40.093" rpa="false" schemaversion="3">
<suite id="s1" name="Tc1" source="C:\Users\Artsem_Nikulin\PycharmProjects\Robot\TestCases\tc1.robot">
<kw name="Connect To Database Using Custom Params" library="DatabaseLibrary" type="SETUP">
<arg>pyodbc</arg>
<arg>${string}</arg>
<doc>Loads the DB API 2.0 module given `dbapiModuleName` then uses it to
connect to the database using the map string `db_custom_param_string`.</doc>
<msg timestamp="20220425 21:16:40.195" level="INFO">Executing : Connect To Database Using Custom Params : pyodbc.connect(db_api_2.connect("Driver={SQL Server Native Client 11.0};Server=EPPLWARW009D\SQLEXPRESS;Trusted_Connection=yes;TRN")) </msg>
<status status="PASS" starttime="20220425 21:16:40.195" endtime="20220425 21:16:40.258"/>
</kw>
<test id="s1-t1" name="Check columns count for employees table" line="16">
<kw name="column count verification for hr.employees table" library="variables_keywords">
<kw name="Set Variable" library="BuiltIn">
<var>${expected_result}</var>
<arg>[(10, )]</arg>
<doc>Returns the given values which can then be assigned to a variables.</doc>
<msg timestamp="20220425 21:16:40.261" level="INFO">${expected_result} = [(10, )]</msg>
<status status="PASS" starttime="20220425 21:16:40.261" endtime="20220425 21:16:40.261"/>
</kw>
<kw name="Get File" library="OperatingSystem">
<var>${script}</var>
<arg>SQLScripts/SQLQuery_1.sql</arg>
<doc>Returns the contents of a specified file.</doc>
<msg timestamp="20220425 21:16:40.262" level="INFO" html="true">Getting file '&lt;a href="file://C:\Users\Artsem_Nikulin\PycharmProjects\Robot\SQLScripts\SQLQuery_1.sql"&gt;C:\Users\Artsem_Nikulin\PycharmProjects\Robot\SQLScripts\SQLQuery_1.sql&lt;/a&gt;'.</msg>
<msg timestamp="20220425 21:16:40.262" level="INFO">${script} = Select count(c.name) as column_name
FROM TRN.sys.Tables t 
INNER JOIN TRN.sys.objects o ON o.object_id = t.object_id
INNER JOIN TRN.sys.partitions p ON o.object_id = p.object_id
INNER JOIN TRN.sys.col...</msg>
<status status="PASS" starttime="20220425 21:16:40.261" endtime="20220425 21:16:40.262"/>
</kw>
<kw name="Query" library="DatabaseLibrary">
<var>${query_result}</var>
<arg>${script}</arg>
<doc>Uses the input `selectStatement` to query for the values that will be returned as a list of tuples. Set optional
input `sansTran` to True to run command without an explicit transaction commit or rollback.
Set optional input `returnAsDict` to True to return values as a list of dictionaries.</doc>
<msg timestamp="20220425 21:16:40.263" level="INFO">Executing : Query  |  Select count(c.name) as column_name
FROM TRN.sys.Tables t 
INNER JOIN TRN.sys.objects o ON o.object_id = t.object_id
INNER JOIN TRN.sys.partitions p ON o.object_id = p.object_id
INNER JOIN TRN.sys.columns c ON c.object_id = t.object_id
INNER JOIN TRN.sys.types ty ON c.user_type_id = ty.user_type_id
WHERE t.schema_id =5 and t.name like 'employees'
GROUP BY t.name

 </msg>
<msg timestamp="20220425 21:16:40.422" level="INFO">${query_result} = [(10, )]</msg>
<status status="PASS" starttime="20220425 21:16:40.262" endtime="20220425 21:16:40.422"/>
</kw>
<kw name="Convert To String" library="BuiltIn">
<var>${actual_result}</var>
<arg>${query_result}</arg>
<doc>Converts the given item to a Unicode string.</doc>
<msg timestamp="20220425 21:16:40.423" level="INFO">${actual_result} = [(10, )]</msg>
<status status="PASS" starttime="20220425 21:16:40.423" endtime="20220425 21:16:40.423"/>
</kw>
<kw name="Should Be Equal" library="BuiltIn">
<arg>${actual_result}</arg>
<arg>${expected_result}</arg>
<doc>Fails if the given objects are unequal.</doc>
<status status="PASS" starttime="20220425 21:16:40.423" endtime="20220425 21:16:40.424"/>
</kw>
<status status="PASS" starttime="20220425 21:16:40.260" endtime="20220425 21:16:40.424"/>
</kw>
<tag>DB_checks</tag>
<tag>employees table checks</tag>
<status status="PASS" starttime="20220425 21:16:40.259" endtime="20220425 21:16:40.425"/>
</test>
<test id="s1-t2" name="Check columns types for employees table" line="20">
<kw name="columns types verification for hr.employees table" library="variables_keywords">
<kw name="Get File" library="OperatingSystem">
<var>${expected_result}</var>
<arg>Expected_results/employees_exp_resu.txt</arg>
<doc>Returns the contents of a specified file.</doc>
<msg timestamp="20220425 21:16:40.428" level="INFO" html="true">Getting file '&lt;a href="file://C:\Users\Artsem_Nikulin\PycharmProjects\Robot\Expected_results\employees_exp_resu.txt"&gt;C:\Users\Artsem_Nikulin\PycharmProjects\Robot\Expected_results\employees_exp_resu.txt&lt;/a&gt;'.</msg>
<msg timestamp="20220425 21:16:40.428" level="INFO">${expected_result} = [('employee_id', 'int'), ('first_name', 'varchar'), ('last_name', 'varchar'), ('email', 'varchar'), ('phone_number', 'varchar'), ('hire_date', 'date'), ('job_id', 'int'), ('salary', 'decimal'), ('mana...</msg>
<status status="PASS" starttime="20220425 21:16:40.427" endtime="20220425 21:16:40.428"/>
</kw>
<kw name="Get File" library="OperatingSystem">
<var>${script}</var>
<arg>SQLScripts/SQLQuery_2.sql</arg>
<doc>Returns the contents of a specified file.</doc>
<msg timestamp="20220425 21:16:40.428" level="INFO" html="true">Getting file '&lt;a href="file://C:\Users\Artsem_Nikulin\PycharmProjects\Robot\SQLScripts\SQLQuery_2.sql"&gt;C:\Users\Artsem_Nikulin\PycharmProjects\Robot\SQLScripts\SQLQuery_2.sql&lt;/a&gt;'.</msg>
<msg timestamp="20220425 21:16:40.429" level="INFO">${script} = Select  c.name as column_name, ty.name as data_type
FROM TRN.sys.Tables t 
INNER JOIN TRN.sys.objects o ON o.object_id = t.object_id
INNER JOIN TRN.sys.partitions p ON o.object_id = p.object_id
INNER ...</msg>
<status status="PASS" starttime="20220425 21:16:40.428" endtime="20220425 21:16:40.429"/>
</kw>
<kw name="Query" library="DatabaseLibrary">
<var>${query_result}</var>
<arg>${script}</arg>
<doc>Uses the input `selectStatement` to query for the values that will be returned as a list of tuples. Set optional
input `sansTran` to True to run command without an explicit transaction commit or rollback.
Set optional input `returnAsDict` to True to return values as a list of dictionaries.</doc>
<msg timestamp="20220425 21:16:40.429" level="INFO">Executing : Query  |  Select  c.name as column_name, ty.name as data_type
FROM TRN.sys.Tables t 
INNER JOIN TRN.sys.objects o ON o.object_id = t.object_id
INNER JOIN TRN.sys.partitions p ON o.object_id = p.object_id
INNER JOIN TRN.sys.columns c ON c.object_id = t.object_id
INNER JOIN TRN.sys.types ty ON c.user_type_id = ty.user_type_id
WHERE t.schema_id =5 and t.name like 'employees'
GROUP BY t.name, c.name, ty.name
ORDER BY t.name

 </msg>
<msg timestamp="20220425 21:16:40.559" level="INFO">${query_result} = [('employee_id', 'int'), ('first_name', 'varchar'), ('last_name', 'varchar'), ('email', 'varchar'), ('phone_number', 'varchar'), ('hire_date', 'date'), ('job_id', 'int'), ('salary', 'decimal'), ('mana...</msg>
<status status="PASS" starttime="20220425 21:16:40.429" endtime="20220425 21:16:40.559"/>
</kw>
<kw name="Convert To String" library="BuiltIn">
<var>${actual_result}</var>
<arg>${query_result}</arg>
<doc>Converts the given item to a Unicode string.</doc>
<msg timestamp="20220425 21:16:40.560" level="INFO">${actual_result} = [('employee_id', 'int'), ('first_name', 'varchar'), ('last_name', 'varchar'), ('email', 'varchar'), ('phone_number', 'varchar'), ('hire_date', 'date'), ('job_id', 'int'), ('salary', 'decimal'), ('mana...</msg>
<status status="PASS" starttime="20220425 21:16:40.559" endtime="20220425 21:16:40.560"/>
</kw>
<kw name="Should Be Equal" library="BuiltIn">
<arg>${actual_result}</arg>
<arg>${expected_result}</arg>
<doc>Fails if the given objects are unequal.</doc>
<status status="PASS" starttime="20220425 21:16:40.560" endtime="20220425 21:16:40.561"/>
</kw>
<status status="PASS" starttime="20220425 21:16:40.427" endtime="20220425 21:16:40.561"/>
</kw>
<tag>DB_checks</tag>
<tag>employees table checks</tag>
<status status="PASS" starttime="20220425 21:16:40.426" endtime="20220425 21:16:40.561"/>
</test>
<test id="s1-t3" name="Check coutries and regions consistency" line="24">
<kw name="comparing of region_id distinct values from hr.countries" library="variables_keywords">
<kw name="Set Variable" library="BuiltIn">
<var>${expected_result}</var>
<arg>4</arg>
<doc>Returns the given values which can then be assigned to a variables.</doc>
<msg timestamp="20220425 21:16:40.563" level="INFO">${expected_result} = 4</msg>
<status status="PASS" starttime="20220425 21:16:40.563" endtime="20220425 21:16:40.563"/>
</kw>
<kw name="Set Variable" library="BuiltIn">
<var>${actual_result}</var>
<arg>select distinct region_id as region_consistency from TRN.hr.countries;</arg>
<doc>Returns the given values which can then be assigned to a variables.</doc>
<msg timestamp="20220425 21:16:40.564" level="INFO">${actual_result} = select distinct region_id as region_consistency from TRN.hr.countries;</msg>
<status status="PASS" starttime="20220425 21:16:40.563" endtime="20220425 21:16:40.564"/>
</kw>
<kw name="Row Count Is Equal To X" library="DatabaseLibrary">
<arg>${actual_result}</arg>
<arg>${expected_result}</arg>
<doc>Check if the number of rows returned from `selectStatement` is equal to the value submitted. If not, then this
will throw an AssertionError. Set optional input `sansTran` to True to run command without an explicit
transaction commit or rollback.</doc>
<msg timestamp="20220425 21:16:40.564" level="INFO">Executing : Row Count Is Equal To X  |  select distinct region_id as region_consistency from TRN.hr.countries;  |  4 </msg>
<msg timestamp="20220425 21:16:40.564" level="INFO">Executing : Row Count  |  select distinct region_id as region_consistency from TRN.hr.countries; </msg>
<status status="PASS" starttime="20220425 21:16:40.564" endtime="20220425 21:16:40.568"/>
</kw>
<status status="PASS" starttime="20220425 21:16:40.563" endtime="20220425 21:16:40.568"/>
</kw>
<tag>countries table checks</tag>
<tag>DB_checks</tag>
<status status="PASS" starttime="20220425 21:16:40.562" endtime="20220425 21:16:40.569"/>
</test>
<test id="s1-t4" name="Check total row count" line="28">
<kw name="total count verification of hr.countries" library="variables_keywords">
<kw name="Set Variable" library="BuiltIn">
<var>${expected_result}</var>
<arg>25</arg>
<doc>Returns the given values which can then be assigned to a variables.</doc>
<msg timestamp="20220425 21:16:40.571" level="INFO">${expected_result} = 25</msg>
<status status="PASS" starttime="20220425 21:16:40.571" endtime="20220425 21:16:40.571"/>
</kw>
<kw name="Set Variable" library="BuiltIn">
<var>${actual_result}</var>
<arg>select * from TRN.hr.countries;</arg>
<doc>Returns the given values which can then be assigned to a variables.</doc>
<msg timestamp="20220425 21:16:40.572" level="INFO">${actual_result} = select * from TRN.hr.countries;</msg>
<status status="PASS" starttime="20220425 21:16:40.571" endtime="20220425 21:16:40.572"/>
</kw>
<kw name="Row Count Is Equal To X" library="DatabaseLibrary">
<arg>${actual_result}</arg>
<arg>${expected_result}</arg>
<doc>Check if the number of rows returned from `selectStatement` is equal to the value submitted. If not, then this
will throw an AssertionError. Set optional input `sansTran` to True to run command without an explicit
transaction commit or rollback.</doc>
<msg timestamp="20220425 21:16:40.572" level="INFO">Executing : Row Count Is Equal To X  |  select * from TRN.hr.countries;  |  25 </msg>
<msg timestamp="20220425 21:16:40.572" level="INFO">Executing : Row Count  |  select * from TRN.hr.countries; </msg>
<status status="PASS" starttime="20220425 21:16:40.572" endtime="20220425 21:16:40.574"/>
</kw>
<status status="PASS" starttime="20220425 21:16:40.570" endtime="20220425 21:16:40.574"/>
</kw>
<tag>countries table checks</tag>
<tag>DB_checks</tag>
<status status="PASS" starttime="20220425 21:16:40.570" endtime="20220425 21:16:40.574"/>
</test>
<test id="s1-t5" name="Check MAX value" line="32">
<kw name="max verification for departnment_id in hr.departments" library="variables_keywords">
<kw name="Set Variable" library="BuiltIn">
<var>${expected_result}</var>
<arg>[(11, )]</arg>
<doc>Returns the given values which can then be assigned to a variables.</doc>
<msg timestamp="20220425 21:16:40.577" level="INFO">${expected_result} = [(11, )]</msg>
<status status="PASS" starttime="20220425 21:16:40.576" endtime="20220425 21:16:40.577"/>
</kw>
<kw name="Query" library="DatabaseLibrary">
<var>${query}</var>
<arg>SELECT max(department_id) FROM TRN.hr.departments</arg>
<doc>Uses the input `selectStatement` to query for the values that will be returned as a list of tuples. Set optional
input `sansTran` to True to run command without an explicit transaction commit or rollback.
Set optional input `returnAsDict` to True to return values as a list of dictionaries.</doc>
<msg timestamp="20220425 21:16:40.577" level="INFO">Executing : Query  |  SELECT max(department_id) FROM TRN.hr.departments </msg>
<msg timestamp="20220425 21:16:40.580" level="INFO">${query} = [(11, )]</msg>
<status status="PASS" starttime="20220425 21:16:40.577" endtime="20220425 21:16:40.580"/>
</kw>
<kw name="Convert To String" library="BuiltIn">
<var>${actual_result}</var>
<arg>${query}</arg>
<doc>Converts the given item to a Unicode string.</doc>
<msg timestamp="20220425 21:16:40.580" level="INFO">${actual_result} = [(11, )]</msg>
<status status="PASS" starttime="20220425 21:16:40.580" endtime="20220425 21:16:40.580"/>
</kw>
<kw name="Should Be Equal" library="BuiltIn">
<arg>${actual_result}</arg>
<arg>${expected_result}</arg>
<doc>Fails if the given objects are unequal.</doc>
<status status="PASS" starttime="20220425 21:16:40.581" endtime="20220425 21:16:40.581"/>
</kw>
<status status="PASS" starttime="20220425 21:16:40.576" endtime="20220425 21:16:40.581"/>
</kw>
<tag>DB_checks</tag>
<tag>departments table checks</tag>
<status status="PASS" starttime="20220425 21:16:40.575" endtime="20220425 21:16:40.581"/>
</test>
<test id="s1-t6" name="Check MIN value" line="36">
<kw name="min verification for departnment_id in hr.departments" library="variables_keywords">
<kw name="Set Variable" library="BuiltIn">
<var>${expected_result}</var>
<arg>[(1, )]</arg>
<doc>Returns the given values which can then be assigned to a variables.</doc>
<msg timestamp="20220425 21:16:40.584" level="INFO">${expected_result} = [(1, )]</msg>
<status status="PASS" starttime="20220425 21:16:40.584" endtime="20220425 21:16:40.584"/>
</kw>
<kw name="Query" library="DatabaseLibrary">
<var>${query}</var>
<arg>SELECT min(department_id) FROM TRN.hr.departments</arg>
<doc>Uses the input `selectStatement` to query for the values that will be returned as a list of tuples. Set optional
input `sansTran` to True to run command without an explicit transaction commit or rollback.
Set optional input `returnAsDict` to True to return values as a list of dictionaries.</doc>
<msg timestamp="20220425 21:16:40.584" level="INFO">Executing : Query  |  SELECT min(department_id) FROM TRN.hr.departments </msg>
<msg timestamp="20220425 21:16:40.586" level="INFO">${query} = [(1, )]</msg>
<status status="PASS" starttime="20220425 21:16:40.584" endtime="20220425 21:16:40.586"/>
</kw>
<kw name="Convert To String" library="BuiltIn">
<var>${actual_result}</var>
<arg>${query}</arg>
<doc>Converts the given item to a Unicode string.</doc>
<msg timestamp="20220425 21:16:40.587" level="INFO">${actual_result} = [(1, )]</msg>
<status status="PASS" starttime="20220425 21:16:40.587" endtime="20220425 21:16:40.587"/>
</kw>
<kw name="Should Be Equal" library="BuiltIn">
<arg>${actual_result}</arg>
<arg>${expected_result}</arg>
<doc>Fails if the given objects are unequal.</doc>
<status status="PASS" starttime="20220425 21:16:40.587" endtime="20220425 21:16:40.588"/>
</kw>
<status status="PASS" starttime="20220425 21:16:40.583" endtime="20220425 21:16:40.588"/>
</kw>
<tag>DB_checks</tag>
<tag>departments table checks</tag>
<status status="PASS" starttime="20220425 21:16:40.582" endtime="20220425 21:16:40.588"/>
</test>
<kw name="Disconnect From Database" library="DatabaseLibrary" type="TEARDOWN">
<doc>Disconnects from the database.</doc>
<msg timestamp="20220425 21:16:40.590" level="INFO">Executing : Disconnect From Database</msg>
<status status="PASS" starttime="20220425 21:16:40.590" endtime="20220425 21:16:40.591"/>
</kw>
<doc>Contains 6 Data Quality checks on "TRN" database.</doc>
<status status="PASS" starttime="20220425 21:16:40.097" endtime="20220425 21:16:40.591"/>
</suite>
<statistics>
<total>
<stat pass="6" fail="0" skip="0">All Tests</stat>
</total>
<tag>
<stat pass="2" fail="0" skip="0">countries table checks</stat>
<stat pass="6" fail="0" skip="0">DB_checks</stat>
<stat pass="2" fail="0" skip="0">departments table checks</stat>
<stat pass="2" fail="0" skip="0">employees table checks</stat>
</tag>
<suite>
<stat pass="6" fail="0" skip="0" id="s1" name="Tc1">Tc1</stat>
</suite>
</statistics>
<errors>
</errors>
</robot>
